<?xml version="1.0" encoding="UTF-8"?>
<testsuite xmlns:xsi="http://www.w3.org/2001/XMLSchema-instance" xsi:noNamespaceSchemaLocation="https://maven.apache.org/surefire/maven-surefire-plugin/xsd/surefire-test-report-3.0.xsd" version="3.0" name="com.p2p.LoanServiceTest" time="0.948" tests="4" errors="0" skipped="0" failures="0">
  <properties>
[...]
</properties>
  <testcase name="shouldRejectLoanWhenCreditScoreLow" classname="com.p2p.LoanServiceTest" time="0.892">
    <system-out><![CDATA[23:07:33 [WARN] com.p2p.service.LoanService - Loan rejected. Credit score too low: 500
]]></system-out>
  </testcase>
  <testcase name="shouldApproveLoanWhenCreditScoreHigh" classname="com.p2p.LoanServiceTest" time="0.003">
    <system-out><![CDATA[23:07:33 [INFO] com.p2p.service.LoanService - Loan approved for borrower with score: 700
]]></system-out>
  </testcase>
  <testcase name="shouldRejectLoanWhenAmountIsZeroOrNegative" classname="com.p2p.LoanServiceTest" time="0.004">
    <system-out><![CDATA[23:07:33 [ERROR] com.p2p.service.LoanService - Invalid loan amount: 0
]]></system-out>
  </testcase>
  <testcase name="shouldRejectLoanWhenBorrowerNotVerified" classname="com.p2p.LoanServiceTest" time="0.004">
    <system-out><![CDATA[23:07:33 [ERROR] com.p2p.service.LoanService - Loan creation failed: borrower not verified
]]></system-out>
  </testcase>
</testsuite>